<?xml version="1.0" encoding="UTF-8"?>
<!-- Generated by org.testng.reporters.JUnitReportReporter -->
<testsuite skipped="1" hostname="ASHOK-PC" name="TestPages.JSExamples" tests="2" failures="0" timestamp="31 Aug 2018 17:19:30 GMT" time="54.544" errors="0">
  <testcase name="history" time="54.544" classname="TestPages.JSExamples"/>
  <testcase name="jsMethod" classname="TestPages.JSExamples">
    <skipped/>
  </testcase> <!-- jsMethod -->
</testsuite> <!-- TestPages.JSExamples -->
