<?xml version="1.0" encoding="UTF-8"?>
<!-- Generated by org.testng.reporters.JUnitReportReporter -->
<testsuite skipped="0" hostname="ASHOK-PC" name="TestPages.JavaScriptExecuterPract" tests="1" failures="0" timestamp="27 Mar 2019 07:17:31 GMT" time="51.839" errors="0">
  <testcase name="jsPractice" time="51.839" classname="TestPages.JavaScriptExecuterPract"/>
</testsuite> <!-- TestPages.JavaScriptExecuterPract -->
