<?xml version="1.0" encoding="UTF-8"?>
<!-- Generated by org.testng.reporters.JUnitReportReporter -->
<testsuite skipped="0" hostname="ASHOK-PC" name="TestPages.FindCity" tests="1" failures="0" timestamp="01 May 2019 05:09:35 GMT" time="51.058" errors="0">
  <testcase name="bookTickets" time="51.058" classname="TestPages.FindCity"/>
</testsuite> <!-- TestPages.FindCity -->
