<?xml version="1.0" encoding="UTF-8"?>
<!-- Generated by org.testng.reporters.JUnitReportReporter -->
<testsuite skipped="1" hostname="ASHOK-PC" name="TestPages.BrokenLinks" tests="2" failures="0" timestamp="23 Feb 2019 09:06:42 GMT" time="79.768" errors="0">
  <testcase name="brokenlinks_Test" time="79.768" classname="TestPages.BrokenLinks"/>
  <testcase name="logintest" classname="TestPages.BrokenLinks">
    <skipped/>
  </testcase> <!-- logintest -->
</testsuite> <!-- TestPages.BrokenLinks -->
