<?xml version="1.0" encoding="UTF-8"?>
<!-- Generated by org.testng.reporters.JUnitReportReporter -->
<testsuite skipped="1" hostname="ASHOK-PC" name="TestPages.RW_Excel" tests="2" failures="0" timestamp="11 Dec 2018 18:20:55 GMT" time="1.233" errors="0">
  <testcase name="TestFile" time="1.233" classname="TestPages.RW_Excel"/>
  <testcase name="removeRow" classname="TestPages.RW_Excel">
    <skipped/>
  </testcase> <!-- removeRow -->
</testsuite> <!-- TestPages.RW_Excel -->
