<?xml version="1.0" encoding="UTF-8"?>
<!-- Generated by org.testng.reporters.JUnitReportReporter -->
<testsuite skipped="0" hostname="ASHOK-PC" name="TestPages.HomePageTest" tests="1" failures="0" timestamp="25 Aug 2018 12:10:01 GMT" time="26.499" errors="0">
  <testcase name="testCalender" time="26.499" classname="TestPages.HomePageTest"/>
</testsuite> <!-- TestPages.HomePageTest -->
