<?xml version="1.0" encoding="UTF-8"?>
<!-- Generated by org.testng.reporters.JUnitReportReporter -->
<testsuite skipped="0" hostname="ASHOK-PC" name="ScreenShotsConcept.SeleniumPractice" tests="1" failures="0" timestamp="24 Sep 2019 09:50:10 GMT" time="22.615" errors="0">
  <testcase name="openBrowser" time="22.615" classname="ScreenShotsConcept.SeleniumPractice"/>
</testsuite> <!-- ScreenShotsConcept.SeleniumPractice -->
