<?xml version="1.0" encoding="UTF-8"?>
<!-- Generated by org.testng.reporters.JUnitReportReporter -->
<testsuite skipped="0" hostname="ASHOK-PC" name="TestPages.Write_File" tests="1" failures="0" timestamp="25 Aug 2018 10:10:26 GMT" time="0.876" errors="0">
  <testcase name="write_Data" time="0.876" classname="TestPages.Write_File"/>
</testsuite> <!-- TestPages.Write_File -->
