<?xml version="1.0" encoding="UTF-8"?>
<!-- Generated by org.testng.reporters.JUnitReportReporter -->
<testsuite skipped="0" hostname="ASHOK-PC" name="TestPages.WindowHandling" tests="1" failures="0" timestamp="02 Feb 2019 07:11:12 GMT" time="15.022" errors="0">
  <testcase name="windowHandling" time="15.022" classname="TestPages.WindowHandling"/>
</testsuite> <!-- TestPages.WindowHandling -->
