<?xml version="1.0" encoding="UTF-8"?>
<!-- Generated by org.testng.reporters.JUnitReportReporter -->
<testsuite skipped="0" hostname="ASHOK-PC" name="TestPages.FileUploadTest" tests="1" failures="0" timestamp="15 Oct 2018 07:48:16 GMT" time="76.905" errors="0">
  <testcase name="setup" time="76.905" classname="TestPages.FileUploadTest"/>
</testsuite> <!-- TestPages.FileUploadTest -->
