<?xml version="1.0" encoding="UTF-8"?>
<!-- Generated by org.testng.reporters.JUnitReportReporter -->
<testsuite skipped="0" hostname="ASHOK-PC" name="TestPages.SendingMail" tests="1" failures="0" timestamp="13 Nov 2018 17:03:12 GMT" time="105.723" errors="1">
  <testcase name="sendMail" time="105.723" classname="TestPages.SendingMail">
    <error type="org.apache.commons.mail.EmailException" message="Sending the email to the following server failed : smtp.googlemail.com:465">
      <![CDATA[org.apache.commons.mail.EmailException: Sending the email to the following server failed : smtp.googlemail.com:465at org.apache.commons.mail.Email.sendMimeMessage(Email.java:1469)at org.apache.commons.mail.Email.send(Email.java:1496)at TestPages.SendingMail.sendMail(SendingMail.java:24)at sun.reflect.NativeMethodAccessorImpl.invoke0(Native Method)at sun.reflect.NativeMethodAccessorImpl.invoke(NativeMethodAccessorImpl.java:62)at sun.reflect.DelegatingMethodAccessorImpl.invoke(DelegatingMethodAccessorImpl.java:43)at java.lang.reflect.Method.invoke(Method.java:498)at org.testng.internal.MethodInvocationHelper.invokeMethod(MethodInvocationHelper.java:124)at org.testng.internal.Invoker.invokeMethod(Invoker.java:571)at org.testng.internal.Invoker.invokeTestMethod(Invoker.java:707)at org.testng.internal.Invoker.invokeTestMethods(Invoker.java:979)at org.testng.internal.TestMethodWorker.invokeTestMethods(TestMethodWorker.java:125)at org.testng.internal.TestMethodWorker.run(TestMethodWorker.java:109)at org.testng.TestRunner.privateRun(TestRunner.java:648)at org.testng.TestRunner.run(TestRunner.java:505)at org.testng.SuiteRunner.runTest(SuiteRunner.java:455)at org.testng.SuiteRunner.runSequentially(SuiteRunner.java:450)at org.testng.SuiteRunner.privateRun(SuiteRunner.java:415)at org.testng.SuiteRunner.run(SuiteRunner.java:364)at org.testng.SuiteRunnerWorker.runSuite(SuiteRunnerWorker.java:52)at org.testng.SuiteRunnerWorker.run(SuiteRunnerWorker.java:84)at org.testng.TestNG.runSuitesSequentially(TestNG.java:1187)at org.testng.TestNG.runSuitesLocally(TestNG.java:1116)at org.testng.TestNG.runSuites(TestNG.java:1028)at org.testng.TestNG.run(TestNG.java:996)at org.testng.remote.AbstractRemoteTestNG.run(AbstractRemoteTestNG.java:114)at org.testng.remote.RemoteTestNG.initAndRun(RemoteTestNG.java:251)at org.testng.remote.RemoteTestNG.main(RemoteTestNG.java:77)Caused by: javax.mail.MessagingException: Exception reading response;  nested exception is:java.net.SocketTimeoutException: Read timed outat com.sun.mail.smtp.SMTPTransport.readServerResponse(SMTPTransport.java:2369)at com.sun.mail.smtp.SMTPTransport.close(SMTPTransport.java:1353)at javax.mail.Transport.send0(Transport.java:257)at javax.mail.Transport.send(Transport.java:124)at org.apache.commons.mail.Email.sendMimeMessage(Email.java:1459)... 27 moreCaused by: java.net.SocketTimeoutException: Read timed outat java.net.SocketInputStream.socketRead0(Native Method)at java.net.SocketInputStream.socketRead(SocketInputStream.java:116)at java.net.SocketInputStream.read(SocketInputStream.java:171)at java.net.SocketInputStream.read(SocketInputStream.java:141)at sun.security.ssl.InputRecord.readFully(InputRecord.java:465)at sun.security.ssl.InputRecord.read(InputRecord.java:503)at sun.security.ssl.SSLSocketImpl.readRecord(SSLSocketImpl.java:983)at sun.security.ssl.SSLSocketImpl.readDataRecord(SSLSocketImpl.java:940)at sun.security.ssl.AppInputStream.read(AppInputStream.java:105)at com.sun.mail.util.TraceInputStream.read(TraceInputStream.java:124)at java.io.BufferedInputStream.fill(BufferedInputStream.java:246)at java.io.BufferedInputStream.read(BufferedInputStream.java:265)at com.sun.mail.util.LineInputStream.readLine(LineInputStream.java:92)at com.sun.mail.smtp.SMTPTransport.readServerResponse(SMTPTransport.java:2349)... 31 more]]>
    </error>
  </testcase> <!-- sendMail -->
</testsuite> <!-- TestPages.SendingMail -->
