<?xml version="1.0" encoding="UTF-8"?>
<!-- Generated by org.testng.reporters.JUnitReportReporter -->
<testsuite skipped="0" hostname="ASHOK-PC" name="TestPages.GoogleSearch" tests="1" failures="0" timestamp="23 Sep 2019 18:09:41 GMT" time="5.340" errors="0">
  <testcase name="enterUrl" time="5.340" classname="TestPages.GoogleSearch"/>
</testsuite> <!-- TestPages.GoogleSearch -->
