<?xml version="1.0" encoding="UTF-8"?>
<!-- Generated by org.testng.reporters.JUnitReportReporter -->
<testsuite skipped="0" hostname="ASHOK-PC" name="TestPages.DiscoveryPageTest" tests="3" failures="0" timestamp="14 Oct 2019 12:11:48 GMT" time="31.329" errors="0">
  <testcase name="selectShows" time="3.647" classname="TestPages.DiscoveryPageTest"/>
  <testcase name="selectAppolo" time="21.896" classname="TestPages.DiscoveryPageTest"/>
  <testcase name="verify_Favorite_Shows_Titles" time="5.786" classname="TestPages.DiscoveryPageTest"/>
</testsuite> <!-- TestPages.DiscoveryPageTest -->
